0.028188 128
4.201209 1
0.079906 1
0.223827 1
0.248020 1
0.080149 1
0.167884 1
0.080120 1
0.151765 1
0.320134 1
0.143937 1
0.136051 1
0.208026 2
3.449008 43
1.760152 1
0.095581 1
0.416166 1
0.095687 1
0.192218 1
0.736246 1
0.127547 1
0.170112 2
0.055534 55
9.704545 17
0.542796 2
0.076043 99
5.021932 25
0.326370 2
0.051670 94
6.445986 45
0.286148 2
0.052187 37
0.007061 47
6.534110 29
0.326507 2
0.013777 626
0.220919 47
4.446208 31
0.271252 2
0.096063 47
6.217751 60
5.398084 2
0.010379 257
0.001757 98
0.001206 38
0.123999 58
0.088625 118
0.017030 206
0.025683 546
0.020926 33
0.325093 38
0.014690 97
0.177762 41
0.001171 2
21.043446 28
0.001429 171
1.516001 114
0.000773 20
26.354175 75
1.291989 2
0.001632 94
15.224241 76
3.029239 2
0.036403 47
6.427743 12
0.391885 2
0.583423 15
0.004904 22
5.645357 38
2.813807 2
0.756940 40
1.175451 60
0.036372 67
1.918176 35
6.095034 115
1.338324 2
0.314365 102
0.770781 94
0.152021 95
0.032401 92
0.011992 105
0.075410 98
0.326589 94
0.028659 95
0.007622 92
0.009035 105
0.011296 98
0.118281 32
0.010975 39
0.031743 32
1.086262 31
2.006646 36
0.877113 30
0.156552 44
0.003174 52
0.003088 33
0.173969 42
1.909533 24
10.156593 31
0.217731 44
0.002848 34
0.002671 53
0.096416 32
0.013071 34
0.020086 40
0.042475 36
0.044301 38
0.066127 49
0.861434 42
0.032994 39
0.047685 35
1.525931 36
0.006951 32
0.224616 34
0.079022 36
0.099825 32
0.194511 60
0.748461 65
0.104573 43
1.868007 47
0.064264 27
1.949778 32
0.003923 25
0.395894 30
0.003344 56
0.070310 46
0.005927 47
0.010487 29
5.657303 34
5.585771 92
0.059999 19
0.115357 17
14.662800 1
0.127647 1
0.199755 1
2.576618 1
0.279542 1
0.159050 3
1.593311 1
0.224424 1
1.047332 1
0.335840 1
0.224181 1
0.150857 2
1.089341 1
0.319660 1
0.856120 1
0.752011 1
3.120956 2
0.047032 996
9.373019 10
0.031830 10
0.031954 10
0.031933 10
0.048028 10
0.888055 35
0.032003 35
0.047995 35
0.039981 31
1.040121 10
0.023893 10
0.048024 10
0.039951 10
0.488115 10
0.023924 10
0.015995 10
0.024220 237
0.031615 337
0.544360 320
0.031876 312
0.031869 365
0.039942 326
0.576367 348
0.031920 377
0.039918 318
0.032123 598
0.040066 533
1.231847 35
0.071954 35
1.995233 2
0.359711 2
0.568109 1
0.500137 1
0.030399 1
0.030026 1
0.030592 1
0.030400 1
0.029481 1
0.030138 1
0.029944 1
0.030481 1
0.029414 1
0.030007 1
0.029918 1
0.030526 1
0.030544 1
0.030475 1
0.029735 1
0.030534 1
0.030153 1
0.030247 1
0.030048 1
0.029564 1
0.030686 1
0.030584 1
0.029893 1
0.030153 1
0.029728 1
0.031036 1
0.029239 1
0.031391 1
0.029902 1
0.030545 1
0.029546 1
0.030092 1
0.030442 1
0.030446 1
0.030414 1
0.029625 1
0.029808 1
0.029864 1
0.030314 1
0.030073 1
0.029981 1
0.029913 1
0.029477 1
0.030704 1
0.029565 1
0.029919 1
0.030642 1
0.030242 1
0.030714 1
0.029207 1
0.030147 1
0.030608 1
0.030211 1
0.031284 1
0.029807 1
0.030032 1
0.030582 1
0.029918 1
0.030204 1
0.031099 1
0.030252 1
3.231868 40
0.063944 210
0.048479 789
0.055684 349
0.056076 398
1.727852 38
0.391897 39
0.287991 39
0.640125 34
0.855869 39
0.963372 1
0.499895 1
0.030484 1
0.031492 1
0.029710 1
0.029127 1
0.030033 1
0.030609 1
0.030312 1
0.030449 1
0.030048 1
0.029714 1
0.030481 1
0.030236 1
0.029325 1
0.030400 1
0.029967 1
0.030270 1
0.030842 1
0.029923 1
0.029847 1
0.029605 1
0.030206 1
0.030431 1
0.030113 1
0.029923 1
0.029744 1
0.030225 1
0.030008 1
0.029998 1
0.029738 1
0.030317 1
0.029992 1
0.029924 1
0.030020 1
0.030203 1
0.030880 1
0.030341 1
0.029776 1
0.030567 1
0.030146 1
0.030023 1
0.029845 1
0.672671 8
0.423806 8
0.640053 2
0.500126 1
0.030770 1
0.030565 1
0.029418 1
0.029245 1
0.030680 1
0.029614 1
0.030405 1
0.030290 1
0.030034 1
0.030545 1
0.030142 1
0.030144 1
0.031243 1
0.030675 1
0.030054 1
0.030176 1
0.030810 1
0.030521 1
0.030094 1
0.030496 1
0.030117 1
0.029712 1
0.030634 1
0.030335 1
0.030242 1
0.030071 1
0.029512 1
0.031052 1
0.029963 1
0.030561 1
0.029883 1
0.030395 1
0.030350 1
0.029345 1
0.030534 1
0.030331 1
0.030126 1
0.030576 1
0.030017 1
0.030052 1
0.029387 1
0.030520 1
0.030246 1
0.029736 1
0.029578 1
0.030755 1
0.030491 1
0.029761 1
0.030314 1
0.030308 1
0.031326 1
0.030227 1
0.029266 1
0.030837 1
0.030938 1
0.030321 1
0.029491 1
0.030532 1
0.030168 1
0.030923 1
0.030311 1
0.030359 1
0.030334 1
0.030214 1
0.030898 1
0.030225 1
0.030093 1
0.030091 1
0.029623 1
0.030369 1
0.029587 1
0.030874 1
0.030742 1
0.030021 1
0.029449 1
0.030303 1
0.030186 1
0.030095 1
0.029160 1
0.030414 1
0.031225 1
0.030350 1
0.029752 1
0.029404 1
0.030161 2
0.030546 1
0.029803 1
0.030399 1
0.031249 1
0.030230 1
0.030512 1
0.030033 1
0.029814 1
0.030884 1
0.030107 1
0.030970 1
0.030770 1
0.030642 1
0.030714 1
0.030282 1
0.030809 1
0.031259 1
0.030042 1
0.030660 1
0.030837 1
0.030340 1
0.031343 1
0.029301 1
0.030248 1
0.030992 1
0.029778 1
0.029302 1
0.030744 1
0.029709 1
0.030182 1
0.030121 1
0.029490 1
0.030371 1
0.030434 1
0.030626 1
0.030028 1
0.030324 1
0.030656 1
0.029431 1
0.030500 1
0.029794 1
0.029418 1
0.030438 1
1.098868 1
0.499893 1
0.029919 1
0.031228 1
0.030379 1
0.031190 1
0.029615 1
0.030424 1
0.030351 1
0.029777 1
0.030825 1
1.410351 49
2.080020 80
0.191661 77
0.175828 77
0.184242 77
0.175885 77
0.192025 77
0.168026 77
0.175846 77
0.408165 77
0.200234 329
0.175841 69
0.183977 69
0.183920 69
0.167984 69
0.175956 69
0.176054 69
0.208090 69
0.343879 69
0.360057 69
50.111974 68
0.183552 68
1.304188 68
0.519740 68
0.167680 68
0.152424 68
0.095792 68
0.864609 68
1.383882 68
0.079921 110
0.527715 76
1.400271 76
0.552435 76
0.151399 76
0.120022 76
5.353767 18
1.003911 18
1.922232 26
0.535880 1
0.824246 35
0.671888 1
0.217094 23
0.001876 40
0.660846 7
2.040329 36
1.159919 1
0.184975 70
0.017879 17
1.053065 1
0.143992 1
0.383990 4
0.135825 4
0.360145 1
0.063986 1
0.231885 1
0.255992 1
1.560393 1
0.711751 4
0.680125 1
0.303836 1
0.703152 3
1.849278 1
0.372428 1
1.091233 1
0.207770 1
0.223998 1
0.096747 2
1.007556 1
0.215741 1
0.400035 1
0.175965 1
1.048972 2
0.003120 3817
9.764052 1
0.247832 1
0.383998 1
0.095930 1
0.926250 55
2.737805 1
0.207888 1
0.111965 1
0.160015 1
0.311312 5
1.280773 1
0.279949 1
0.127926 1
0.800178 1
0.095994 1
0.191888 1
0.416664 2
0.144201 83
0.001426 128
87.836309 1
0.088068 1
0.247711 1
0.264144 1
0.192149 1
0.159949 1
0.095754 1
0.184054 1
0.584013 1
0.151953 1
0.120032 1
1.048275 2
3.740302 53
0.290181 18
0.002832 25
1.207474 1
0.183847 1
0.167977 1
0.087786 1
0.144517 1
0.903856 1
0.095769 1
0.193835 2
0.150981 55
19.807398 1
0.079899 1
0.255899 1
0.191932 1
0.335856 1
0.368799 2
0.061352 705
13.812064 33
0.399016 2
0.024075 79
1.678915 1
0.151660 2
0.229234 50
0.006260 47
9.068951 1
0.063765 1
0.282868 1
1.101274 1
0.191696 1
0.200038 1
0.424565 2
0.010850 650
12.511747 53
2.461980 2
0.407085 89
2.591844 1
0.191683 2
0.000752 53
0.007979 38
0.004402 47
12.229505 33
2.253895 2
0.075948 628
0.026402 47
9.444119 35
0.742276 2
0.028207 47
23.206808 56
0.820426 2
0.037889 98
0.004965 257
0.002395 38
0.107129 58
0.751690 324
0.293417 542
0.019954 33
0.989223 9
0.014186 29
0.029666 97
0.167785 43
28.663586 28
0.000469 171
0.187499 114
0.008463 20
62.701830 76
0.763933 2
0.270767 47
5.040452 12
0.263605 2
0.103382 15
0.000294 22
6.770544 38
0.933827 2
0.255233 40
0.109018 60
0.020255 67
1.194255 35
5.411549 115
0.873777 2
0.116763 102
0.559754 94
0.061742 95
0.011271 92
0.011356 105
0.042071 98
0.144913 94
0.028195 95
0.007737 92
0.008451 105
0.010829 98
0.114314 32
0.011110 39
0.015153 32
0.298939 31
1.523659 36
0.638691 30
0.078569 44
0.003193 52
0.002842 33
0.134605 42
1.696771 24
9.019749 31
0.124892 44
0.002852 34
0.002610 53
0.069610 32
0.013323 34
0.013560 40
0.018692 36
0.019732 38
0.022394 49
0.335837 42
0.030044 39
0.029263 35
0.438316 36
0.006700 32
0.076500 34
0.038198 36
0.077486 32
0.111940 60
0.257430 65
0.021856 43
1.149522 47
0.031311 27
0.164950 32
0.003892 25
0.271895 30
0.008299 56
0.020464 46
0.005086 47
0.017045 29
5.662853 34
5.720387 92
0.071614 36
30.651684 1
0.231661 1
0.496053 1
0.080129 1
0.753450 8
0.003848 27
0.035032 20
2.631785 1
0.111421 1
0.080541 1
0.175556 1
0.237053 5
1.067492 1
0.271667 1
1.616269 1
4.855895 1
0.103957 1
0.287925 1
0.680817 2
0.910807 83
0.001802 128
166.692656 1
0.055911 1
0.199709 1
0.232035 1
0.120110 1
0.151828 1
0.064194 1
0.135863 1
0.248020 1
0.159989 1
0.128028 1
0.191745 2
3.481822 53
0.052324 18
0.000252 25
2.611095 1
0.111548 1
0.152083 1
0.104038 1
0.183948 1
0.920304 1
0.111669 1
0.145388 2
0.058402 55
0.964496 1
0.111816 1
0.255743 1
0.279906 1
0.272325 1
0.752977 2
0.011987 705
21.452700 29
3.559512 2
0.024685 75
1.173931 1
0.183928 2
0.042326 49
0.003377 47
16.804223 21
2.255552 2
0.027955 94
7.259926 17
0.311410 2
0.034192 107
1.589276 1
0.079893 1
0.159805 1
0.183971 1
0.224033 1
0.392467 2
0.012616 59
0.000879 591
4.226203 1
0.287697 1
0.416024 1
0.064081 1
8.085327 43
1.898787 1
0.271788 1
0.392165 1
0.087780 1
0.224997 10
0.001253 34
0.002255 128
2.218863 1
0.271702 1
0.399915 1
0.104062 1
0.183964 2
0.000050 6
