0.028523 128
4.888894 1
0.063827 1
0.207926 1
0.207878 1
0.048185 1
0.191940 1
0.088105 1
0.135777 1
0.208104 1
0.159939 1
0.096038 1
0.175910 2
3.368435 53
0.042089 43
3.086660 1
0.191776 1
0.160029 1
0.111987 1
0.152070 1
0.503954 1
0.111722 1
0.130046 2
0.054490 55
9.644439 26
0.387809 2
0.086704 52
0.004466 99
6.910069 33
0.279376 2
0.066863 93
8.991645 37
0.349300 2
0.275153 55
1.299815 36
0.075951 47
11.068374 28
2.872733 2
0.007524 29
0.037003 588
0.006217 71
0.001132 6
1.000175 55
3.899690 29
0.344153 2
0.615216 47
9.826474 26
0.293913 2
0.009625 31
0.097855 14
0.000509 231
0.000825 213
0.000333 153
0.000424 257
0.002780 46
0.001055 290
0.001388 46
0.066260 112
0.000825 349
0.001063 46
0.368439 247
0.001494 46
0.001646 227
0.000461 157
0.001138 200
0.096663 46
0.172031 251
0.000447 46
0.315062 46
0.008246 229
0.000323 158
0.001021 202
0.000308 46
0.992464 46
0.301587 129
0.006818 308
0.000733 160
0.000451 196
0.000421 196
0.000726 308
0.000989 467
0.000391 141
0.001253 297
0.000369 151
0.002146 1532
0.002513 774
0.010063 46
0.017532 95
0.000584 137
0.001869 46
0.005434 88
0.000380 139
0.000635 133
0.000945 278
0.001631 46
0.743975 46
0.999042 46
1.022023 46
0.075704 94
0.000781 46
0.045599 94
0.002023 46
0.002509 93
0.001697 135
0.000472 140
0.001558 137
0.001505 46
0.003573 91
0.002657 137
0.001422 46
0.476517 116
0.003296 392
0.002803 178
0.002827 180
0.000892 46
0.005424 124
0.001177 383
0.003047 1119
0.001093 152
0.000291 160
0.003154 486
0.005147 1578
0.000402 236
0.001389 780
0.000326 222
0.001020 564
0.000283 226
0.001762 768
0.000946 518
0.000287 213
0.000700 662
0.000621 215
0.000380 644
0.000286 213
0.000848 313
0.000301 226
0.000605 338
0.001022 401
0.000297 212
0.000736 301
0.000314 220
0.001844 754
0.000259 213
0.001074 545
0.000362 220
0.000963 551
0.000286 222
0.001025 303
0.000240 221
0.000894 526
0.000295 226
0.000968 535
0.000351 228
0.000301 220
0.000738 317
0.000295 228
0.000310 220
0.000905 554
0.000884 536
0.000240 226
0.001732 975
0.001228 325
0.000532 438
0.000762 303
0.000271 211
0.000363 221
0.000974 536
0.000516 454
0.001022 566
0.001533 556
0.000438 458
0.000323 236
0.000687 691
0.011331 4095
0.000021 1940
0.003605 309
0.001113 1189
0.000231 323
0.000670 801
0.000310 234
0.000730 765
0.000251 218
0.000360 309
0.000342 224
0.000235 216
0.000770 305
0.000436 436
0.014624 593
0.000471 236
0.003756 781
0.001159 333
0.000556 464
0.001109 524
0.000311 213
0.000922 335
0.000310 237
0.000317 229
0.000996 524
0.000293 213
0.000720 345
0.000291 242
0.000359 234
0.000637 323
0.000307 231
0.000858 536
0.000476 444
0.017996 303
0.001337 961
0.001119 768
0.001930 994
0.001074 539
0.001321 519
0.000532 220
0.001131 742
0.001040 769
0.000870 568
0.007585 242
0.001252 1007
0.000912 545
0.001374 780
0.000893 556
0.001171 777
0.000525 440
0.001145 753
0.000843 533
0.000370 216
0.001036 309
0.001305 757
0.000350 228
0.000313 220
0.000821 311
0.000336 225
0.001062 516
0.000490 430
0.002033 563
0.000313 220
0.000778 297
0.000324 218
0.000819 515
0.000991 781
0.000280 242
0.000329 234
0.000749 299
0.000353 219
0.000307 211
0.000804 323
0.000273 231
0.000261 223
0.000692 309
0.001137 743
0.000462 434
0.001029 805
0.000995 725
0.000679 335
0.000294 237
0.000998 747
0.000501 430
0.000474 427
0.001018 745
0.001033 789
0.000983 825
0.001051 833
0.000672 297
0.000288 218
0.001031 761
0.001050 746
0.000396 213
0.000979 524
0.016778 4095
0.000113 2077
0.004615 4095
0.000204 2680
0.000537 4095
0.000208 2643
0.007198 4095
0.000088 2548
0.000430 4095
0.000134 2432
0.000396 4095
0.002586 4095
0.000887 4095
0.000025 4095
0.000057 4095
0.000027 4095
0.000013 4095
0.000041 4095
0.000040 4095
0.000015 4095
0.000022 4095
0.000020 736
0.000080 2977
0.000608 4095
0.000087 2610
0.000554 4095
0.000126 2587
0.014872 2048
0.000203 2047
0.002203 2454
0.000631 4095
0.000176 2230
0.000435 2048
0.000034 2047
0.000089 2323
0.000420 4095
0.000181 2494
0.000521 4095
0.000211 2456
0.002159 4095
0.000165 1627
0.000349 1730
0.000302 218
0.000785 311
0.000330 1722
0.001139 2200
0.001520 2048
0.000020 325
0.007676 228
0.000779 305
0.000558 1899
0.001091 2013
0.000286 215
0.001271 2003
0.001408 551
0.000324 1826
0.002138 2493
0.001357 573
0.000354 1810
0.000357 228
0.001371 1720
0.000486 422
0.000517 213
0.000392 212
0.000744 341
0.002107 4095
0.000058 254
0.001023 299
0.000619 1885
0.003184 120
0.000504 189
0.000357 1714
0.000260 216
0.000767 311
0.000369 1709
0.000958 530
0.000567 1935
0.000841 313
0.000338 1717
0.000288 218
0.000696 295
0.000392 1658
0.000889 518
0.000555 1917
0.001087 2030
0.000302 218
0.000731 2224
0.001520 347
0.000294 451
0.000469 473
0.001030 1410
0.000405 1068
0.000275 218
0.000898 2033
0.000273 217
0.000710 317
0.000349 1746
0.000336 220
0.000693 305
0.000365 1698
0.000838 515
0.000563 1881
0.001169 2013
0.000456 215
0.000804 307
0.000527 1921
0.001133 2053
0.000294 219
0.000699 339
0.000431 1133
0.000846 526
0.000550 1867
0.001017 1602
0.004317 2235
0.015793 311
0.002722 2427
0.000425 1698
0.001199 2267
0.000207 219
0.004152 297
0.000370 1666
0.000407 210
0.000615 2053
0.000246 219
0.000753 2023
0.000221 216
0.000540 2073
0.001156 2254
0.002865 217
0.011390 307
0.002135 4095
0.000200 2041
0.000371 217
0.000848 321
0.000406 1762
0.000333 222
0.000718 307
0.000593 1921
0.001036 2053
0.000385 219
0.000899 2093
0.000308 223
0.000769 317
0.000588 1966
0.028428 4095
0.000096 4095
0.000030 4095
0.000019 4095
0.000015 4095
0.000015 4095
0.003258 4095
0.000048 4095
0.000026 4095
0.000027 4095
0.000022 4095
0.000051 4095
0.000020 509
0.010443 1861
0.008660 236
0.001752 2654
0.001476 4095
0.000041 89
0.001111 2274
0.000843 525
0.001073 2230
0.000505 1930
0.001073 2204
0.000978 2217
0.001134 2294
0.000731 309
0.000344 1714
0.000314 216
0.000978 1983
0.000252 212
0.000787 315
0.000300 1738
0.000252 219
0.000866 309
0.000350 1714
0.000958 529
0.000330 1730
0.000329 218
0.000686 303
0.000746 1903
0.001129 2346
0.000528 1957
0.000734 313
0.000404 1730
0.000360 218
0.000945 2013
0.000833 526
0.001103 2248
0.000501 1917
0.001082 2195
0.001057 2272
0.001311 299
0.001236 2234
0.000750 2264
0.000261 237
0.000385 236
0.000712 301
0.000559 1894
0.000732 305
0.000381 1698
0.001057 2247
0.001065 2220
0.000804 537
0.001265 2306
0.000613 1948
0.000676 305
0.000344 1698
0.000278 214
0.000998 2013
0.000325 215
0.000660 321
0.000700 1890
0.000815 309
0.000499 1714
0.000428 216
0.001670 1702
0.000354 599
0.000345 211
0.015284 2210
0.009816 532
0.000406 1966
0.000913 301
0.000526 2024
0.000350 213
0.002944 4095
0.000078 302
0.000967 515
0.000519 1903
0.000678 317
0.000355 1746
0.000273 220
0.000726 315
0.001535 3960
0.000983 539
0.000426 1765
0.000376 224
0.000760 315
0.000430 1738
0.000474 219
0.001132 329
0.000383 1794
0.000313 226
0.000856 311
0.000388 1722
0.000285 217
0.000747 2153
0.000313 229
0.000887 335
0.000519 1818
0.000407 229
0.001619 2184
0.001483 2040
0.001443 2242
0.001196 531
0.000439 1738
0.001164 2270
0.000336 217
0.001260 2080
0.001651 542
0.000302 1754
0.000254 221
0.001145 2013
0.000402 215
0.000762 307
0.000326 1706
0.001057 524
0.000486 1714
0.000246 216
0.001059 120
0.004682 1950
0.000362 222
0.000679 120
0.004426 221
0.000455 1770
0.017069 4095
0.000023 4095
0.000013 4095
0.000018 4011
0.000217 4095
0.000027 4095
0.000020 1812
0.011751 2223
0.011186 1910
0.001257 4095
0.000130 344
0.000678 2236
0.000312 298
0.000369 1673
0.000357 210
0.000307 298
0.000366 1673
0.000280 210
0.000318 298
0.000342 1673
0.000506 530
0.000351 1761
0.000287 221
0.000633 2081
0.000261 221
0.000351 322
0.000386 1769
0.000329 222
0.000603 2121
0.000320 225
0.000382 344
0.000360 1844
0.000380 233
0.000588 1968
0.000399 211
0.000637 2051
0.000742 2279
0.000337 219
0.000623 2071
0.000281 220
0.000724 2214
0.000296 322
0.000347 1769
0.000491 522
0.000343 1681
0.000489 521
0.000349 1721
0.000697 2184
0.000457 529
0.000549 1973
0.000310 314
0.000373 1737
0.000455 530
0.000348 1716
0.000488 523
0.000357 1692
0.000696 2325
0.000324 224
0.000302 334
0.000437 1745
0.000345 219
0.000542 1981
0.000312 211
0.000724 2300
0.000292 308
0.000338 1713
0.000482 555
0.000923 2297
0.000331 1705
0.001467 2393
0.000421 304
0.000535 1697
0.000478 213
0.000950 2008
0.000861 2183
0.000980 2480
0.000915 2553
0.012825 1692
0.005356 4095
0.000056 4095
0.000027 3205
0.000032 220
0.000439 296
0.000368 1665
0.000263 209
0.000569 1772
0.000469 840
0.000487 537
0.000579 1969
0.000507 2041
0.000255 217
0.000322 326
0.000362 1785
0.000278 224
0.000343 318
0.000491 1973
0.000313 308
0.000535 1915
0.000294 350
0.000461 1868
0.000532 568
0.002155 1809
0.000273 227
0.000628 1991
0.000290 212
0.000406 302
0.000542 1676
0.000553 514
0.000357 1676
0.000495 528
0.000537 1883
0.000576 322
0.000473 1769
0.000485 518
0.000357 1652
0.000264 209
0.000339 300
0.000514 1879
0.000581 2043
0.000389 218
0.000252 303
0.000431 1690
0.000546 213
0.000075 319
0.000402 1682
0.000272 212
0.000315 315
0.000360 1725
0.000288 219
0.000315 325
0.000368 1706
0.000458 532
0.000527 1953
0.000648 1991
0.000474 526
0.000341 1738
0.000482 542
0.000552 2044
0.000479 429
0.000315 305
0.000509 1698
0.000426 523
0.000436 1701
0.000519 511
0.000349 1658
0.000511 540
0.000525 1935
0.003852 4095
0.000024 2949
0.014023 1999
0.001341 211
0.001160 489
0.001332 367
0.003746 219
0.000500 46
0.001383 85
0.001065 738
0.001856 145
0.004988 46
0.017714 108
0.000509 363
0.000293 46
0.002244 99
0.000399 145
0.001820 140
0.000970 46
0.003081 106
0.000222 46
0.003116 144
0.000861 979
0.000511 1061
0.007396 119
0.003343 47
40.327346 42
0.389612 2
0.012326 129
10.700081 11
0.694466 2
0.717156 47
5.867945 29
1.326819 2
0.324454 27
0.005309 20
21.986745 84
2.043106 2
0.196753 47
1.234803 1
0.087855 1
0.223934 1
0.135771 1
0.336212 1
0.783934 1
0.072110 1
0.351843 1
0.224051 1
0.464052 4
0.663918 1
0.776289 1
0.063729 1
0.218192 4
0.422627 2
0.003752 607
7.931670 1
0.103686 1
0.072056 1
0.168089 1
0.169868 5
1.214686 1
0.231251 1
0.544083 1
1.136203 1
0.087872 1
0.151885 1
4.359912 2
0.200882 83
0.001430 128
107.812148 1
0.071938 1
0.159946 1
1.072260 1
0.127926 1
0.391767 1
0.072081 1
0.167813 1
0.280134 1
0.168023 1
0.096006 1
0.208176 2
3.461125 53
0.050932 18
0.000291 25
3.160635 1
0.183785 1
0.784182 1
0.119808 1
0.215845 1
0.609721 2
0.015001 60
0.000891 1057
3.918794 1
0.295634 1
0.496060 1
0.103753 1
0.193118 10
0.000998 34
0.002273 128
1.419138 1
0.255768 1
0.543975 1
0.103957 1
0.200071 2
0.000092 6
