0.027654 128
2.305876 135
1.800167 1
0.071837 1
0.199651 1
0.984496 1
0.151769 1
0.175939 1
0.063810 1
0.136190 1
0.192031 1
0.143826 1
0.111966 1
0.160181 2
3.437537 53
0.042011 43
1.089523 1
0.143783 1
0.136088 1
0.095953 1
0.151958 1
0.896162 1
0.127637 1
0.122093 2
0.056636 55
6.661738 1
0.079741 1
0.216056 1
0.151939 1
0.207884 1
0.224579 2
0.013671 60
0.000872 1069
49.809921 17
0.495977 2
0.107038 99
7.316807 25
0.255663 2
0.061366 74
0.020385 20
7.542602 38
0.391395 2
0.052431 37
0.006686 47
6.214017 29
0.303552 2
0.015704 626
0.213652 47
6.066680 32
8.896174 2
0.460667 47
11.910434 27
0.452623 2
0.007758 31
0.001699 4
0.001873 700
0.002476 143
9.147535 14
0.453879 2
0.004185 47
2.763176 1
0.191870 1
0.183980 1
0.946266 4
0.942222 1
0.663698 1
0.719922 1
0.079965 1
0.231904 1
0.088183 1
0.179231 1
0.309521 2
0.005794 76
8.657410 13
1.376017 4
0.216086 2
0.004980 75
16.506877 1
1.007761 1
0.103993 1
0.263981 1
0.121756 3
4.054279 4
0.231919 4
0.159968 4
0.500585 4
0.030266 4
0.030269 1
0.030223 1
0.029732 1
0.675140 1
0.367793 1
0.137416 1
1.510713 1
0.232987 4
0.678931 1
0.311890 1
0.976019 1
0.176112 1
0.159927 1
1.472791 2
0.247093 47
9.298069 33
0.262658 2
0.054967 47
8.508209 87
0.956735 2
0.260176 47
1.939328 1
0.079913 1
0.231833 1
0.160100 1
0.904078 1
0.847720 1
0.112132 1
0.296020 1
0.208480 1
1.095791 1
0.079760 1
0.185396 4
0.455212 2
0.002707 675
17.318417 23
0.655120 2
0.006425 47
28.556878 63
1.395602 4
0.775951 489
0.500159 4
0.030203 4
0.030348 4
0.030596 4
0.030497 4
0.030563 4
0.029874 4
0.030421 4
0.030047 4
0.030866 4
0.029858 4
0.030849 4
0.405565 4
0.456130 4
0.167816 4
0.168027 4
0.160025 4
0.152034 4
0.167969 4
0.176272 4
0.935818 1
0.167854 1
0.290880 1
0.957416 1
0.471630 1
0.080129 1
0.181949 1
0.922097 1
0.119908 1
4.376305 1
3.175917 1
0.087742 1
0.976147 1
0.543774 1
0.088212 1
0.615533 1
0.656419 1
1.384221 1
0.500041 1
0.030097 1
0.030007 1
0.030091 1
0.030635 1
0.030305 1
0.030610 1
0.030437 1
0.030117 1
0.030054 1
0.029822 1
0.030520 1
0.029594 1
0.030110 1
0.030396 1
0.030302 1
0.030635 1
0.030628 1
0.030261 1
0.029631 1
0.030622 1
0.029870 1
0.030806 1
0.029718 1
0.030442 1
0.030208 1
0.030397 1
0.029684 1
0.030763 1
0.030831 1
0.029625 1
0.030497 1
0.029129 1
0.029935 1
0.030809 1
0.240203 1
0.295949 1
0.592520 5
0.175537 5
0.184110 5
0.471795 3
0.328065 5
0.711922 5
0.536021 3
0.500193 3
0.030084 3
0.030752 3
0.030065 3
0.030498 3
0.029730 3
0.030379 3
0.029969 3
0.030309 3
0.030489 3
0.030391 3
0.031195 3
0.029678 3
0.030597 3
0.030212 3
0.031128 3
0.030440 3
0.030812 3
0.029561 3
0.029825 3
0.030514 3
0.030068 3
0.029590 3
0.030692 3
0.030184 3
0.030668 3
0.031100 3
0.031076 3
0.030953 3
0.030740 3
0.029384 3
0.029805 3
0.029936 3
0.030858 3
0.030042 3
0.030583 3
0.029535 1
0.030821 1
0.029187 1
0.540962 2
0.699680 39
0.277145 47
4.142185 1
0.103806 1
0.487765 1
0.128018 1
0.199935 1
0.560722 2
0.018141 1418
22.238178 24
0.503961 2
0.005027 47
2.618418 1
0.463562 1
0.096229 1
0.263926 1
0.353429 3
1.214570 1
0.343735 1
0.808369 1
0.079915 1
0.255980 1
0.087776 1
0.496618 2
0.556858 47
9.172063 22
1.630697 1
1.008077 1
0.159862 1
0.171357 1
2.124800 1
0.775924 1
0.063978 1
0.231908 1
0.119664 1
0.480259 1
14.815953 1
0.088180 1
0.239661 1
0.377110 7
0.727966 2
0.088071 48
1.548333 36
13.849319 47
2.233330 1
0.855886 1
0.199836 1
0.107352 3
1.212832 1
0.344001 1
0.551883 1
0.072034 1
0.271820 1
0.200166 1
0.195019 1
1.205051 4
0.433369 2
0.038855 47
3.855924 1
0.079855 1
0.224020 1
0.712001 1
0.527848 1
0.368640 2
0.015476 60
0.000923 1130
6.975089 1
0.367872 1
0.559978 1
0.087980 1
0.196858 43
1.539438 1
0.255715 1
0.311875 1
0.080170 1
0.168559 10
0.003043 32
0.000042 2
0.002280 128
1.009208 1
0.271916 1
0.367733 1
0.080259 1
0.215906 2
0.000098 6
